生成启动时间为 2015/10/12 20:51:04。
     1>项目“C:\Users\DELL\Desktop\Kinect\PrimeSense\extract_skeleton_and_rgb\ConsoleApplication1\ConsoleApplication1\ConsoleApplication1.vcxproj”在节点 2 上(Build 个目标)。
     1>Link:
         F:\VS2012\VC\bin\x86_amd64\link.exe /ERRORREPORT:PROMPT /OUT:"C:\Users\DELL\Desktop\Kinect\PrimeSense\extract_skeleton_and_rgb\ConsoleApplication1\x64\Debug\ConsoleApplication1.exe" /INCREMENTAL /NOLOGO OpenNI2.lib NiTE2.lib glut64.lib opencv_calib3d249.lib opencv_calib3d249d.lib opencv_contrib249.lib opencv_contrib249d.lib opencv_core249.lib opencv_core249d.lib opencv_features2d249.lib opencv_features2d249d.lib opencv_flann249.lib opencv_flann249d.lib opencv_gpu249.lib opencv_gpu249d.lib opencv_highgui249.lib opencv_highgui249d.lib opencv_imgproc249.lib opencv_imgproc249d.lib opencv_legacy249.lib opencv_legacy249d.lib opencv_ml249.lib opencv_ml249d.lib opencv_nonfree249.lib opencv_nonfree249d.lib opencv_objdetect249.lib opencv_objdetect249d.lib opencv_ocl249.lib opencv_ocl249d.lib opencv_photo249.lib opencv_photo249d.lib opencv_stitching249.lib opencv_stitching249d.lib opencv_superres249.lib opencv_superres249d.lib opencv_ts249.lib opencv_ts249d.lib opencv_video249.lib opencv_video249d.lib opencv_videostab249.lib opencv_videostab249d.lib kernel32.lib user32.lib gdi32.lib winspool.lib comdlg32.lib advapi32.lib shell32.lib ole32.lib oleaut32.lib uuid.lib odbc32.lib odbccp32.lib /MANIFEST:NO /DEBUG /PDB:"C:\Users\DELL\Desktop\Kinect\PrimeSense\extract_skeleton_and_rgb\ConsoleApplication1\x64\Debug\ConsoleApplication1.pdb" /SUBSYSTEM:CONSOLE /TLBID:1 /DYNAMICBASE /NXCOMPAT /IMPLIB:"C:\Users\DELL\Desktop\Kinect\PrimeSense\extract_skeleton_and_rgb\ConsoleApplication1\x64\Debug\ConsoleApplication1.lib" /MACHINE:X64 x64\Debug\1.obj
     1>1.obj : error LNK2019: 无法解析的外部符号 __imp_niteInitialize，该符号在函数 "public: static enum nite::Status __cdecl nite::NiTE::initialize(void)" (?initialize@NiTE@nite@@SA?AW4Status@2@XZ) 中被引用
     1>1.obj : error LNK2019: 无法解析的外部符号 __imp_niteShutdown，该符号在函数 "public: static void __cdecl nite::NiTE::shutdown(void)" (?shutdown@NiTE@nite@@SAXXZ) 中被引用
     1>1.obj : error LNK2019: 无法解析的外部符号 __imp_niteInitializeUserTracker，该符号在函数 "public: enum nite::Status __cdecl nite::UserTracker::create(class openni::Device *)" (?create@UserTracker@nite@@QEAA?AW4Status@2@PEAVDevice@openni@@@Z) 中被引用
     1>1.obj : error LNK2019: 无法解析的外部符号 __imp_niteInitializeUserTrackerByDevice，该符号在函数 "public: enum nite::Status __cdecl nite::UserTracker::create(class openni::Device *)" (?create@UserTracker@nite@@QEAA?AW4Status@2@PEAVDevice@openni@@@Z) 中被引用
     1>1.obj : error LNK2019: 无法解析的外部符号 __imp_niteShutdownUserTracker，该符号在函数 "public: void __cdecl nite::UserTracker::destroy(void)" (?destroy@UserTracker@nite@@QEAAXXZ) 中被引用
     1>1.obj : error LNK2019: 无法解析的外部符号 __imp_niteStartSkeletonTracking，该符号在函数 "public: enum nite::Status __cdecl nite::UserTracker::startSkeletonTracking(short)" (?startSkeletonTracking@UserTracker@nite@@QEAA?AW4Status@2@F@Z) 中被引用
     1>1.obj : error LNK2019: 无法解析的外部符号 __imp_niteSetSkeletonSmoothing，该符号在函数 "public: enum nite::Status __cdecl nite::UserTracker::setSkeletonSmoothingFactor(float)" (?setSkeletonSmoothingFactor@UserTracker@nite@@QEAA?AW4Status@2@M@Z) 中被引用
     1>1.obj : error LNK2019: 无法解析的外部符号 __imp_niteReadUserTrackerFrame，该符号在函数 "public: enum nite::Status __cdecl nite::UserTracker::readFrame(class nite::UserTrackerFrameRef *)" (?readFrame@UserTracker@nite@@QEAA?AW4Status@2@PEAVUserTrackerFrameRef@2@@Z) 中被引用
     1>1.obj : error LNK2019: 无法解析的外部符号 __imp_niteUserTrackerFrameRelease，该符号在函数 "public: void __cdecl nite::UserTrackerFrameRef::release(void)" (?release@UserTrackerFrameRef@nite@@QEAAXXZ) 中被引用
     1>1.obj : error LNK2019: 无法解析的外部符号 __imp_niteConvertJointCoordinatesToDepth，该符号在函数 "public: enum nite::Status __cdecl nite::UserTracker::convertJointCoordinatesToDepth(float,float,float,float *,float *)const " (?convertJointCoordinatesToDepth@UserTracker@nite@@QEBA?AW4Status@2@MMMPEAM0@Z) 中被引用
     1>C:\Users\DELL\Desktop\Kinect\PrimeSense\extract_skeleton_and_rgb\ConsoleApplication1\x64\Debug\ConsoleApplication1.exe : fatal error LNK1120: 10 个无法解析的外部命令
     1>已完成生成项目“C:\Users\DELL\Desktop\Kinect\PrimeSense\extract_skeleton_and_rgb\ConsoleApplication1\ConsoleApplication1\ConsoleApplication1.vcxproj”(Build 个目标)的操作 - 失败。

生成失败。

已用时间 00:00:00.22
